Determining if the pthread_create exist failed with the following output:
Change Dir: /home/rover/camera_ws/build/CMakeFiles/CMakeTmp

Run Build Command:"/usr/bin/make" "cmTC_bfb54/fast"
/usr/bin/make -f CMakeFiles/cmTC_bfb54.dir/build.make CMakeFiles/cmTC_bfb54.dir/build
make[1]: Entering directory '/home/rover/camera_ws/build/CMakeFiles/CMakeTmp'
Building C object CMakeFiles/cmTC_bfb54.dir/CheckSymbolExists.c.o
/usr/bin/cc     -o CMakeFiles/cmTC_bfb54.dir/CheckSymbolExists.c.o   -c /home/rover/camera_ws/build/CMakeFiles/CMakeTmp/CheckSymbolExists.c
Linking C executable cmTC_bfb54
/usr/bin/cmake -E cmake_link_script CMakeFiles/cmTC_bfb54.dir/link.txt --verbose=1
/usr/bin/cc       CMakeFiles/cmTC_bfb54.dir/CheckSymbolExists.c.o  -o cmTC_bfb54 -rdynamic 
CMakeFiles/cmTC_bfb54.dir/CheckSymbolExists.c.o: In function `main':
CheckSymbolExists.c:(.text+0x16): undefined reference to `pthread_create'
collect2: error: ld returned 1 exit status
CMakeFiles/cmTC_bfb54.dir/build.make:97: recipe for target 'cmTC_bfb54' failed
make[1]: *** [cmTC_bfb54] Error 1
make[1]: Leaving directory '/home/rover/camera_ws/build/CMakeFiles/CMakeTmp'
Makefile:126: recipe for target 'cmTC_bfb54/fast' failed
make: *** [cmTC_bfb54/fast] Error 2

File /home/rover/camera_ws/build/CMakeFiles/CMakeTmp/CheckSymbolExists.c:
/* */
#include <pthread.h>

int main(int argc, char** argv)
{
  (void)argv;
#ifndef pthread_create
  return ((int*)(&pthread_create))[argc];
#else
  (void)argc;
  return 0;
#endif
}

Determining if the function pthread_create exists in the pthreads failed with the following output:
Change Dir: /home/rover/camera_ws/build/CMakeFiles/CMakeTmp

Run Build Command:"/usr/bin/make" "cmTC_bff03/fast"
/usr/bin/make -f CMakeFiles/cmTC_bff03.dir/build.make CMakeFiles/cmTC_bff03.dir/build
make[1]: Entering directory '/home/rover/camera_ws/build/CMakeFiles/CMakeTmp'
Building C object CMakeFiles/cmTC_bff03.dir/CheckFunctionExists.c.o
/usr/bin/cc    -DCHECK_FUNCTION_EXISTS=pthread_create   -o CMakeFiles/cmTC_bff03.dir/CheckFunctionExists.c.o   -c /usr/share/cmake-3.5/Modules/CheckFunctionExists.c
Linking C executable cmTC_bff03
/usr/bin/cmake -E cmake_link_script CMakeFiles/cmTC_bff03.dir/link.txt --verbose=1
/usr/bin/cc   -DCHECK_FUNCTION_EXISTS=pthread_create    CMakeFiles/cmTC_bff03.dir/CheckFunctionExists.c.o  -o cmTC_bff03 -rdynamic -lpthreads 
/usr/bin/ld: cannot find -lpthreads
collect2: error: ld returned 1 exit status
CMakeFiles/cmTC_bff03.dir/build.make:97: recipe for target 'cmTC_bff03' failed
make[1]: *** [cmTC_bff03] Error 1
make[1]: Leaving directory '/home/rover/camera_ws/build/CMakeFiles/CMakeTmp'
Makefile:126: recipe for target 'cmTC_bff03/fast' failed
make: *** [cmTC_bff03/fast] Error 2


